2025-03-20 17:07:39,601 | INFO	| using C:\Users\Kunal Mukherjee\Downloads\prov-dp\GNN-based-IDS\Data\FiveDirections\ as input data directory
2025-03-20 17:07:39,602 | INFO	| 7 Layer GAT. Input Feature Size: 768. Hidden Layer Size(s): 64. Loss Rate: 0.001. Batch Size: 16
2025-03-20 17:07:39,602 | INFO	| Input Device: cpu
2025-03-20 17:07:39,602 | INFO	| Variable Prediction Threshold for Anomalous graphs have been enabled & set to 0.01
2025-03-20 17:07:39,602 | INFO	| Training on 50 epochs...
2025-03-20 17:07:40,218 | INFO	| Length of dataset: 521
2025-03-20 17:07:40,248 | INFO	| Evaluating on Device: cpu
2025-03-20 17:07:40,248 | INFO	| # Parameters in model: 1501505
2025-03-20 17:07:40,249 | INFO	| # Trainable parameters in model: 1501505
2025-03-20 17:07:40,250 | INFO	| Stratified sampler enabled
2025-03-20 17:08:09,715 | INFO	| === test stats ===
2025-03-20 17:08:09,715 | INFO	| Number Correct: 97
2025-03-20 17:08:09,716 | INFO	| Number Graphs in test Data: 105
2025-03-20 17:08:09,716 | INFO	| test accuracy: 0.92381
2025-03-20 17:08:09,717 | INFO	| [[93  7]
 [ 1  4]]
2025-03-20 17:08:09,719 | INFO	|               precision    recall  f1-score   support

      Benign       0.99      0.93      0.96       100
     Anomaly       0.36      0.80      0.50         5

    accuracy                           0.92       105
   macro avg       0.68      0.86      0.73       105
weighted avg       0.96      0.92      0.94       105

